{"name": "test_example", "status": "failed", "statusDetails": {"message": "AssertionError: Locator expected to have count '0'\nActual value: 1 \nCall log:\n  - Expect \"to_have_count\" with timeout 5000ms\n  - waiting for locator(\"text=Understanding ECMAScript 6\")\n    9 Ã— locator resolved to 1 element\n      - unexpected value \"1\"", "trace": "def test_example():\n        with sync_playwright() as p:\n            browser = p.chromium.launch(headless=False, slow_mo=500)\n            page = browser.new_page()\n            page.goto(\"https://demoqa.com/\")\n            page.wait_for_load_state(\"networkidle\")\n    \n            expect(page.locator(\"div.home-banner\")).to_be_visible()\n            print(\"DemoQA homepage opened.\")\n            # browser manually close pause\n            # input(\"Press Enter to close browser manually...\")\n            # browser.close()\n    \n    #   2nd page navigation example\n            page.goto(\"https://demoqa.com/books\")\n            page.wait_for_load_state(\"networkidle\")\n            print(\"DemoQA Books page opened.\")\n    \n            expect(page.locator(\"div.books-wrapper\")).to_be_visible()\n            books = page.locator(\".rt-tbody .rt-tr-group\")\n            count = books.count()\n            assert count > 0, \"No books found!\"\n            print(f\"ðŸ“š Total books found: {count}\")\n    \n    \n            # 4ï¸âƒ£ Scroll to bottom\n            page.evaluate(\"window.scrollTo(0, document.body.scrollHeight)\")\n            page.wait_for_timeout(1000)\n            targetBook = page.locator(\"text=Understanding ECMAScript 6\")\n            targetBook.scroll_into_view_if_needed()\n            print(\"Scrolled to 'Understanding ECMAScript 6' book.\")\n            expect(targetBook).to_be_visible()\n            expect(targetBook).to_have_text(\"Understanding ECMAScript 6\")\n>           expect(targetBook).to_have_count(0)\nE           AssertionError: Locator expected to have count '0'\nE           Actual value: 1 \nE           Call log:\nE             - Expect \"to_have_count\" with timeout 5000ms\nE             - waiting for locator(\"text=Understanding ECMAScript 6\")\nE               9 Ã— locator resolved to 1 element\nE                 - unexpected value \"1\"\n\ntest_example.py:37: AssertionError"}, "attachments": [{"name": "stdout", "source": "585992a5-8032-4335-b048-27062c4681ab-attachment.txt", "type": "text/plain"}], "start": 1762943087591, "stop": 1762943110137, "uuid": "19f2dc70-b296-48f7-a04a-611fe4d381e8", "historyId": "9108c5ccc38279acf7f25bab3444301e", "testCaseId": "9108c5ccc38279acf7f25bab3444301e", "fullName": "test_example#test_example", "labels": [{"name": "suite", "value": "test_example"}, {"name": "host", "value": "SabbirHome"}, {"name": "thread", "value": "20992-MainThread"}, {"name": "framework", "value": "pytest"}, {"name": "language", "value": "cpython3"}, {"name": "package", "value": "test_example"}], "titlePath": ["test_example.py"]}