{"name": "test_HomePage", "status": "failed", "statusDetails": {"message": "AssertionError: Locator expected to be visible\nActual value: <element(s) not found> \nCall log:\n  - Expect \"to_be_visible\" with timeout 5000ms\n  - waiting for locator(\"div.home-banner\")", "trace": "def test_HomePage():\n        with sync_playwright() as p:\n            browser = p.chromium.launch(headless=False, slow_mo=500)\n            page = browser.new_page()\n            page.goto(\"https://demoqa.com/\", timeout=60000)\n            page.wait_for_load_state(\"networkidle\")\n>           expect(page.locator(\"div.home-banner\")).to_be_visible()\nE           AssertionError: Locator expected to be visible\nE           Actual value: <element(s) not found> \nE           Call log:\nE             - Expect \"to_be_visible\" with timeout 5000ms\nE             - waiting for locator(\"div.home-banner\")\n\ntest_element.py:10: AssertionError"}, "start": 1763048611187, "stop": 1763048624545, "uuid": "b5055bb7-9ced-4701-b2a1-b7ae7aea0cc5", "historyId": "ec29c15dc408d91b1714c9a2b05e6824", "testCaseId": "ec29c15dc408d91b1714c9a2b05e6824", "fullName": "test_element#test_HomePage", "labels": [{"name": "suite", "value": "test_element"}, {"name": "host", "value": "SabbirHome"}, {"name": "thread", "value": "2228-MainThread"}, {"name": "framework", "value": "pytest"}, {"name": "language", "value": "cpython3"}, {"name": "package", "value": "test_element"}], "titlePath": ["test_element.py"]}