{"uid":"dcedaf6e1646afba","name":"test_example","fullName":"test_example#test_example","historyId":"9108c5ccc38279acf7f25bab3444301e","time":{"start":1762943087591,"stop":1762943110137,"duration":22546},"status":"failed","statusMessage":"AssertionError: Locator expected to have count '0'\nActual value: 1 \nCall log:\n  - Expect \"to_have_count\" with timeout 5000ms\n  - waiting for locator(\"text=Understanding ECMAScript 6\")\n    9 × locator resolved to 1 element\n      - unexpected value \"1\"","statusTrace":"def test_example():\n        with sync_playwright() as p:\n            browser = p.chromium.launch(headless=False, slow_mo=500)\n            page = browser.new_page()\n            page.goto(\"https://demoqa.com/\")\n            page.wait_for_load_state(\"networkidle\")\n    \n            expect(page.locator(\"div.home-banner\")).to_be_visible()\n            print(\"DemoQA homepage opened.\")\n            # browser manually close pause\n            # input(\"Press Enter to close browser manually...\")\n            # browser.close()\n    \n    #   2nd page navigation example\n            page.goto(\"https://demoqa.com/books\")\n            page.wait_for_load_state(\"networkidle\")\n            print(\"DemoQA Books page opened.\")\n    \n            expect(page.locator(\"div.books-wrapper\")).to_be_visible()\n            books = page.locator(\".rt-tbody .rt-tr-group\")\n            count = books.count()\n            assert count > 0, \"No books found!\"\n            print(f\"\uD83D\uDCDA Total books found: {count}\")\n    \n    \n            # 4️⃣ Scroll to bottom\n            page.evaluate(\"window.scrollTo(0, document.body.scrollHeight)\")\n            page.wait_for_timeout(1000)\n            targetBook = page.locator(\"text=Understanding ECMAScript 6\")\n            targetBook.scroll_into_view_if_needed()\n            print(\"Scrolled to 'Understanding ECMAScript 6' book.\")\n            expect(targetBook).to_be_visible()\n            expect(targetBook).to_have_text(\"Understanding ECMAScript 6\")\n>           expect(targetBook).to_have_count(0)\nE           AssertionError: Locator expected to have count '0'\nE           Actual value: 1 \nE           Call log:\nE             - Expect \"to_have_count\" with timeout 5000ms\nE             - waiting for locator(\"text=Understanding ECMAScript 6\")\nE               9 × locator resolved to 1 element\nE                 - unexpected value \"1\"\n\ntest_example.py:37: AssertionError","flaky":false,"newFailed":false,"newBroken":false,"newPassed":false,"retriesCount":0,"retriesStatusChange":false,"beforeStages":[{"name":"base_url","time":{"start":1762943087590,"stop":1762943087590,"duration":0},"status":"passed","steps":[],"attachments":[],"parameters":[],"hasContent":false,"attachmentStep":false,"stepsCount":0,"attachmentsCount":0,"shouldDisplayMessage":false},{"name":"delete_output_dir","time":{"start":1762943087590,"stop":1762943087590,"duration":0},"status":"passed","steps":[],"attachments":[],"parameters":[],"hasContent":false,"attachmentStep":false,"stepsCount":0,"attachmentsCount":0,"shouldDisplayMessage":false},{"name":"_verify_url","time":{"start":1762943087590,"stop":1762943087590,"duration":0},"status":"passed","steps":[],"attachments":[],"parameters":[],"hasContent":false,"attachmentStep":false,"stepsCount":0,"attachmentsCount":0,"shouldDisplayMessage":false},{"name":"pytestconfig","time":{"start":1762943087590,"stop":1762943087590,"duration":0},"status":"passed","steps":[],"attachments":[],"parameters":[],"hasContent":false,"attachmentStep":false,"stepsCount":0,"attachmentsCount":0,"shouldDisplayMessage":false}],"testStage":{"status":"failed","statusMessage":"AssertionError: Locator expected to have count '0'\nActual value: 1 \nCall log:\n  - Expect \"to_have_count\" with timeout 5000ms\n  - waiting for locator(\"text=Understanding ECMAScript 6\")\n    9 × locator resolved to 1 element\n      - unexpected value \"1\"","statusTrace":"def test_example():\n        with sync_playwright() as p:\n            browser = p.chromium.launch(headless=False, slow_mo=500)\n            page = browser.new_page()\n            page.goto(\"https://demoqa.com/\")\n            page.wait_for_load_state(\"networkidle\")\n    \n            expect(page.locator(\"div.home-banner\")).to_be_visible()\n            print(\"DemoQA homepage opened.\")\n            # browser manually close pause\n            # input(\"Press Enter to close browser manually...\")\n            # browser.close()\n    \n    #   2nd page navigation example\n            page.goto(\"https://demoqa.com/books\")\n            page.wait_for_load_state(\"networkidle\")\n            print(\"DemoQA Books page opened.\")\n    \n            expect(page.locator(\"div.books-wrapper\")).to_be_visible()\n            books = page.locator(\".rt-tbody .rt-tr-group\")\n            count = books.count()\n            assert count > 0, \"No books found!\"\n            print(f\"\uD83D\uDCDA Total books found: {count}\")\n    \n    \n            # 4️⃣ Scroll to bottom\n            page.evaluate(\"window.scrollTo(0, document.body.scrollHeight)\")\n            page.wait_for_timeout(1000)\n            targetBook = page.locator(\"text=Understanding ECMAScript 6\")\n            targetBook.scroll_into_view_if_needed()\n            print(\"Scrolled to 'Understanding ECMAScript 6' book.\")\n            expect(targetBook).to_be_visible()\n            expect(targetBook).to_have_text(\"Understanding ECMAScript 6\")\n>           expect(targetBook).to_have_count(0)\nE           AssertionError: Locator expected to have count '0'\nE           Actual value: 1 \nE           Call log:\nE             - Expect \"to_have_count\" with timeout 5000ms\nE             - waiting for locator(\"text=Understanding ECMAScript 6\")\nE               9 × locator resolved to 1 element\nE                 - unexpected value \"1\"\n\ntest_example.py:37: AssertionError","steps":[],"attachments":[{"uid":"d665fb8cbf79e045","name":"stdout","source":"d665fb8cbf79e045.txt","type":"text/plain","size":124}],"parameters":[],"hasContent":true,"attachmentStep":false,"stepsCount":0,"attachmentsCount":1,"shouldDisplayMessage":true},"afterStages":[],"labels":[{"name":"suite","value":"test_example"},{"name":"host","value":"SabbirHome"},{"name":"thread","value":"20992-MainThread"},{"name":"framework","value":"pytest"},{"name":"language","value":"cpython3"},{"name":"package","value":"test_example"},{"name":"resultFormat","value":"allure2"}],"parameters":[],"links":[],"hidden":true,"retry":true,"extra":{"categories":[],"tags":[]},"source":"dcedaf6e1646afba.json","parameterValues":[]}